[debug] [2023-04-05T09:36:19.049Z] ----------------------------------------------------------------------
[debug] [2023-04-05T09:36:19.054Z] Command:       /home/nani/.nvm/versions/node/v16.19.1/bin/node /home/nani/.nvm/versions/node/v16.19.1/bin/firebase deploy --only hosting:zonta-demo
[debug] [2023-04-05T09:36:19.056Z] CLI Version:   11.25.1
[debug] [2023-04-05T09:36:19.056Z] Platform:      linux
[debug] [2023-04-05T09:36:19.056Z] Node Version:  v16.19.1
[debug] [2023-04-05T09:36:19.058Z] Time:          Wed Apr 05 2023 09:36:19 GMT+0000 (heure moyenne de Greenwich)
[debug] [2023-04-05T09:36:19.059Z] ----------------------------------------------------------------------
[debug] 
[debug] [2023-04-05T09:36:19.065Z] >>> [apiv2][query] GET https://firebase-public.firebaseio.com/cli.json [none]
[debug] [2023-04-05T09:36:19.275Z] > command requires scopes: ["email","openid","https://www.googleapis.com/auth/cloudplatformprojects.readonly","https://www.googleapis.com/auth/firebase","https://www.googleapis.com/auth/cloud-platform"]
[debug] [2023-04-05T09:36:19.276Z] > authorizing via signed-in user (christellecarmela@gmail.com)
[debug] [2023-04-05T09:36:19.277Z] [iam] checking project zonta-a910d for permissions ["firebase.projects.get","firebasehosting.sites.update"]
[debug] [2023-04-05T09:36:19.279Z] > refreshing access token with scopes: []
[debug] [2023-04-05T09:36:19.281Z] >>> [apiv2][query] POST https://www.googleapis.com/oauth2/v3/token [none]
[debug] [2023-04-05T09:36:19.281Z] >>> [apiv2][body] POST https://www.googleapis.com/oauth2/v3/token [omitted]
[warn] ⚠  Unable to fetch the CLI MOTD and remote config. 
[debug] [2023-04-05T09:36:19.296Z] Failed to fetch MOTD FirebaseError: Failed to make request to https://firebase-public.firebaseio.com/cli.json
[debug] [2023-04-05T09:36:19.297Z] [iam] error while checking permissions, command may fail: FirebaseError: Authentication Error: Your credentials are no longer valid. Please run firebase login --reauth

For CI servers and headless environments, generate a new token with firebase login:ci
[debug] [2023-04-05T09:36:19.299Z] > refreshing access token with scopes: []
[debug] [2023-04-05T09:36:19.300Z] >>> [apiv2][query] POST https://www.googleapis.com/oauth2/v3/token [none]
[debug] [2023-04-05T09:36:19.301Z] >>> [apiv2][body] POST https://www.googleapis.com/oauth2/v3/token [omitted]
[debug] [2023-04-05T09:36:19.315Z] Authentication Error: Your credentials are no longer valid. Please run firebase login --reauth

For CI servers and headless environments, generate a new token with firebase login:ci
[debug] [2023-04-05T09:36:19.342Z] FirebaseError: Authentication Error: Your credentials are no longer valid. Please run firebase login --reauth

For CI servers and headless environments, generate a new token with firebase login:ci
    at invalidCredentialError (/home/nani/.nvm/versions/node/v16.19.1/lib/node_modules/firebase-tools/lib/auth.js:144:12)
    at refreshTokens (/home/nani/.nvm/versions/node/v16.19.1/lib/node_modules/firebase-tools/lib/auth.js:508:15)
    at processTicksAndRejections (node:internal/process/task_queues:96:5)
    at async Client.getAccessToken (/home/nani/.nvm/versions/node/v16.19.1/lib/node_modules/firebase-tools/lib/apiv2.js:149:23)
    at async Client.addAuthHeader (/home/nani/.nvm/versions/node/v16.19.1/lib/node_modules/firebase-tools/lib/apiv2.js:140:21)
    at async Client.request (/home/nani/.nvm/versions/node/v16.19.1/lib/node_modules/firebase-tools/lib/apiv2.js:96:34)
    at async getFirebaseProject (/home/nani/.nvm/versions/node/v16.19.1/lib/node_modules/firebase-tools/lib/management/projects.js:295:21)
    at async getDefaultHostingSite (/home/nani/.nvm/versions/node/v16.19.1/lib/node_modules/firebase-tools/lib/getDefaultHostingSite.js:10:21)
    at async requireHostingSite (/home/nani/.nvm/versions/node/v16.19.1/lib/node_modules/firebase-tools/lib/requireHostingSite.js:9:18)
    at async Object.fn (/home/nani/.nvm/versions/node/v16.19.1/lib/node_modules/firebase-tools/lib/commands/deploy.js:74:9)
    at async /home/nani/.nvm/versions/node/v16.19.1/lib/node_modules/firebase-tools/lib/command.js:214:17
[error] 
[error] Error: Failed to get Firebase project zonta-a910d. Please make sure the project exists and your account has permission to access it.
